c:\users\pavpo\source\repos\ds-project\ds-project\x64\debug\vc143.pdb
c:\users\pavpo\source\repos\ds-project\ds-project\x64\debug\vc143.idb
c:\users\pavpo\source\repos\ds-project\ds-project\x64\debug\user.obj
c:\users\pavpo\source\repos\ds-project\ds-project\x64\debug\news_h.obj
c:\users\pavpo\source\repos\ds-project\ds-project\x64\debug\admin.obj
c:\users\pavpo\source\repos\ds-project\ds-project\x64\debug\news.obj
c:\users\pavpo\source\repos\ds-project\ds-project\x64\debug\ds-project.obj
c:\users\pavpo\source\repos\ds-project\ds-project\x64\debug\newsmangement.obj
c:\users\pavpo\source\repos\ds-project\x64\debug\ds-project.pdb
c:\users\pavpo\source\repos\ds-project\ds-project\x64\debug\ds-project.tlog\cl.command.1.tlog
c:\users\pavpo\source\repos\ds-project\ds-project\x64\debug\ds-project.tlog\cl.read.1.tlog
c:\users\pavpo\source\repos\ds-project\ds-project\x64\debug\ds-project.tlog\cl.write.1.tlog
c:\users\pavpo\source\repos\ds-project\ds-project\x64\debug\ds-project.tlog\link-cvtres.read.1.tlog
c:\users\pavpo\source\repos\ds-project\ds-project\x64\debug\ds-project.tlog\link-cvtres.write.1.tlog
c:\users\pavpo\source\repos\ds-project\ds-project\x64\debug\ds-project.tlog\link-rc.read.1.tlog
c:\users\pavpo\source\repos\ds-project\ds-project\x64\debug\ds-project.tlog\link-rc.write.1.tlog
c:\users\pavpo\source\repos\ds-project\ds-project\x64\debug\ds-project.tlog\link.command.1.tlog
c:\users\pavpo\source\repos\ds-project\ds-project\x64\debug\ds-project.tlog\link.read.1.tlog
c:\users\pavpo\source\repos\ds-project\ds-project\x64\debug\ds-project.tlog\link.read.2.tlog
c:\users\pavpo\source\repos\ds-project\ds-project\x64\debug\ds-project.tlog\link.write.1.tlog
